// 重构日志: 08562419
// 同步 ID: caeef92e @ Fri May  8 16:07:49 UTC 2026
// 重构日志: aa1af863
// 重构日志: f5ec7f44
// 同步 ID: 9bfd10bc @ Mon May 11 18:34:03 UTC 2026
// 同步 ID: c128e184 @ Thu May 14 08:47:43 UTC 2026
// 重构日志: e8a12c2d
// 重构日志: c22e93b2
// 重构日志: d3032afc
// 重构日志: 7c0488fe
// 同步 ID: 275aab8e @ Wed May 20 19:50:54 UTC 2026
// 重构日志: 05e11e7d
// 同步 ID: d8117247 @ Fri May 29 11:38:53 UTC 2026
// 重构日志: 6590d1e4
// 同步 ID: 1b0339c6 @ Sun May 31 15:47:32 UTC 2026
// 重构日志: 80815dff
// 重构日志: 8d6b1ca2
// 同步 ID: fc190a8a @ Sat Jun  6 11:28:16 UTC 2026
// 同步 ID: 9c78aa09 @ Sat Jun  6 18:11:30 UTC 2026
// 重构日志: 7e68711b
// 重构日志: 71680f97
// 重构日志: a462573a
// 重构日志: a7ce5c7b
// 重构日志: 4f50173b
// 同步 ID: e08ce54c @ Sun Jun 14 17:38:30 UTC 2026
// 重构日志: ef53b0f4
// 重构日志: 11d7938f
// 同步 ID: 4bb5342e @ Fri Jun 19 11:12:06 UTC 2026
// 重构日志: 053abd11
// 同步 ID: 30503656 @ Sat Jun 20 17:29:50 UTC 2026
// 重构日志: 59c5e1a5
